<?xml version="1.0" encoding="UTF-8"?>
<!-- Generated by org.testng.reporters.JUnitXMLReporter -->
<testsuite hostname="BIL-PC" name="TestNG Smoke Group" tests="74" failures="1" timestamp="31 May 2016 22:34:04 GMT" time="0.037" errors="0">
  <testcase name="testCosPassDouble" time="0.001" classname="com.epam.calculator.testCalculator.engineerOperations.TestCos">
    <failure type="java.lang.AssertionError" message="error in cos() expected [0.5403023058681398] but found [0.8414709848078965]">
      <![CDATA[java.lang.AssertionError: error in cos() expected [0.5403023058681398] but found [0.8414709848078965]
	at com.epam.calculator.testCalculator.engineerOperations.TestCos.testCosPassDouble(TestCos.java:23)
	at java.util.concurrent.ThreadPoolExecutor.runWorker(ThreadPoolExecutor.java:1142)
	at java.util.concurrent.ThreadPoolExecutor$Worker.run(ThreadPoolExecutor.java:617)
	at java.lang.Thread.run(Thread.java:745)
... Removed 13 stack frames]]>
    </failure>
  </testcase> <!-- testCosPassDouble -->
  <testcase name="testPowPassDouble" time="0.0" classname="com.epam.calculator.testCalculator.engineerOperations.TestPow"/>
  <testcase name="testSinPassDouble" time="0.0" classname="com.epam.calculator.testCalculator.engineerOperations.TestSin"/>
  <testcase name="testMultPassLong" time="0.0" classname="com.epam.calculator.testCalculator.baseOperations.TestMult"/>
  <testcase name="testMultPassLong" time="0.0" classname="com.epam.calculator.testCalculator.baseOperations.TestMult"/>
  <testcase name="testSqrtPassDouble" time="0.0" classname="com.epam.calculator.testCalculator.engineerOperations.TestSqrt"/>
  <testcase name="testDivPassLong" time="0.0" classname="com.epam.calculator.testCalculator.baseOperations.TestDiv"/>
  <testcase name="testDivPassLong" time="0.001" classname="com.epam.calculator.testCalculator.baseOperations.TestDiv"/>
  <testcase name="testDivPassLong" time="0.0" classname="com.epam.calculator.testCalculator.baseOperations.TestDiv"/>
  <testcase name="testDivPassLong" time="0.005" classname="com.epam.calculator.testCalculator.baseOperations.TestDiv"/>
  <testcase name="testDivPassLong" time="0.005" classname="com.epam.calculator.testCalculator.baseOperations.TestDiv"/>
  <testcase name="testSumPassLong" time="0.0" classname="com.epam.calculator.testCalculator.baseOperations.TestSum"/>
  <testcase name="testDivPassLong" time="0.0" classname="com.epam.calculator.testCalculator.baseOperations.TestDiv"/>
  <testcase name="testDivPassLong" time="0.0" classname="com.epam.calculator.testCalculator.baseOperations.TestDiv"/>
  <testcase name="testDivPassLong" time="0.0" classname="com.epam.calculator.testCalculator.baseOperations.TestDiv"/>
  <testcase name="testSumPassLong" time="0.001" classname="com.epam.calculator.testCalculator.baseOperations.TestSum"/>
  <testcase name="testMultPassLong" time="0.001" classname="com.epam.calculator.testCalculator.baseOperations.TestMult"/>
  <testcase name="testSumPassLong" time="0.0" classname="com.epam.calculator.testCalculator.baseOperations.TestSum"/>
  <testcase name="testDivPassLong" time="0.0" classname="com.epam.calculator.testCalculator.baseOperations.TestDiv"/>
  <testcase name="testSumPassLong" time="0.001" classname="com.epam.calculator.testCalculator.baseOperations.TestSum"/>
  <testcase name="testDivPassLong" time="0.0" classname="com.epam.calculator.testCalculator.baseOperations.TestDiv"/>
  <testcase name="testDivPassLong" time="0.0" classname="com.epam.calculator.testCalculator.baseOperations.TestDiv"/>
  <testcase name="testSumPassLong" time="0.0" classname="com.epam.calculator.testCalculator.baseOperations.TestSum"/>
  <testcase name="testSumPassLong" time="0.0" classname="com.epam.calculator.testCalculator.baseOperations.TestSum"/>
  <testcase name="testSumPassLong" time="0.0" classname="com.epam.calculator.testCalculator.baseOperations.TestSum"/>
  <testcase name="testSumPassLong" time="0.001" classname="com.epam.calculator.testCalculator.baseOperations.TestSum"/>
  <testcase name="testDivPassLong" time="0.001" classname="com.epam.calculator.testCalculator.baseOperations.TestDiv"/>
  <testcase name="testSumPassLong" time="0.001" classname="com.epam.calculator.testCalculator.baseOperations.TestSum"/>
  <testcase name="testSumPassLong" time="0.0" classname="com.epam.calculator.testCalculator.baseOperations.TestSum"/>
  <testcase name="testDivPassLong" time="0.0" classname="com.epam.calculator.testCalculator.baseOperations.TestDiv"/>
  <testcase name="testDivPassLong" time="0.001" classname="com.epam.calculator.testCalculator.baseOperations.TestDiv"/>
  <testcase name="testDivPassLong" time="0.0" classname="com.epam.calculator.testCalculator.baseOperations.TestDiv"/>
  <testcase name="testDivPassLong" time="0.0" classname="com.epam.calculator.testCalculator.baseOperations.TestDiv"/>
  <testcase name="testDivPassLong" time="0.001" classname="com.epam.calculator.testCalculator.baseOperations.TestDiv"/>
  <testcase name="testSumPassLong" time="0.001" classname="com.epam.calculator.testCalculator.baseOperations.TestSum"/>
  <testcase name="testDivPassLong" time="0.0" classname="com.epam.calculator.testCalculator.baseOperations.TestDiv"/>
  <testcase name="testSumPassLong" time="0.0" classname="com.epam.calculator.testCalculator.baseOperations.TestSum"/>
  <testcase name="testSubPassLong" time="0.0" classname="com.epam.calculator.testCalculator.baseOperations.TestSub"/>
  <testcase name="testSubPassLong" time="0.0" classname="com.epam.calculator.testCalculator.baseOperations.TestSub"/>
  <testcase name="testSumPassLong" time="0.0" classname="com.epam.calculator.testCalculator.baseOperations.TestSum"/>
  <testcase name="testSubPassLong" time="0.001" classname="com.epam.calculator.testCalculator.baseOperations.TestSub"/>
  <testcase name="testSubPassLong" time="0.0" classname="com.epam.calculator.testCalculator.baseOperations.TestSub"/>
  <testcase name="testSubPassLong" time="0.0" classname="com.epam.calculator.testCalculator.baseOperations.TestSub"/>
  <testcase name="testSumPassLong" time="0.0" classname="com.epam.calculator.testCalculator.baseOperations.TestSum"/>
  <testcase name="testSubPassLong" time="0.0" classname="com.epam.calculator.testCalculator.baseOperations.TestSub"/>
  <testcase name="testSubPassLong" time="0.0" classname="com.epam.calculator.testCalculator.baseOperations.TestSub"/>
  <testcase name="testSubPassLong" time="0.0" classname="com.epam.calculator.testCalculator.baseOperations.TestSub"/>
  <testcase name="testSumPassLong" time="0.0" classname="com.epam.calculator.testCalculator.baseOperations.TestSum"/>
  <testcase name="testSubPassLong" time="0.0" classname="com.epam.calculator.testCalculator.baseOperations.TestSub"/>
  <testcase name="testSubPassLong" time="0.0" classname="com.epam.calculator.testCalculator.baseOperations.TestSub"/>
  <testcase name="testSumPassLong" time="0.001" classname="com.epam.calculator.testCalculator.baseOperations.TestSum"/>
  <testcase name="testSubPassLong" time="0.0" classname="com.epam.calculator.testCalculator.baseOperations.TestSub"/>
  <testcase name="testSumPassLong" time="0.0" classname="com.epam.calculator.testCalculator.baseOperations.TestSum"/>
  <testcase name="testMultPassLong" time="0.0" classname="com.epam.calculator.testCalculator.baseOperations.TestMult"/>
  <testcase name="testSumPassLong" time="0.0" classname="com.epam.calculator.testCalculator.baseOperations.TestSum"/>
  <testcase name="testSumPassLong" time="0.0" classname="com.epam.calculator.testCalculator.baseOperations.TestSum"/>
  <testcase name="testSumPassLong" time="0.0" classname="com.epam.calculator.testCalculator.baseOperations.TestSum"/>
  <testcase name="testMultPassLong" time="0.0" classname="com.epam.calculator.testCalculator.baseOperations.TestMult"/>
  <testcase name="testMultPassLong" time="0.001" classname="com.epam.calculator.testCalculator.baseOperations.TestMult"/>
  <testcase name="testMultPassLong" time="0.0" classname="com.epam.calculator.testCalculator.baseOperations.TestMult"/>
  <testcase name="testSubPassLong" time="0.003" classname="com.epam.calculator.testCalculator.baseOperations.TestSub"/>
  <testcase name="testSubPassLong" time="0.0" classname="com.epam.calculator.testCalculator.baseOperations.TestSub"/>
  <testcase name="testMultPassLong" time="0.001" classname="com.epam.calculator.testCalculator.baseOperations.TestMult"/>
  <testcase name="testMultPassLong" time="0.0" classname="com.epam.calculator.testCalculator.baseOperations.TestMult"/>
  <testcase name="testMultPassLong" time="0.0" classname="com.epam.calculator.testCalculator.baseOperations.TestMult"/>
  <testcase name="testMultPassLong" time="0.0" classname="com.epam.calculator.testCalculator.baseOperations.TestMult"/>
  <testcase name="testMultPassLong" time="0.0" classname="com.epam.calculator.testCalculator.baseOperations.TestMult"/>
  <testcase name="testSubPassLong" time="0.0" classname="com.epam.calculator.testCalculator.baseOperations.TestSub"/>
  <testcase name="testMultPassLong" time="0.0" classname="com.epam.calculator.testCalculator.baseOperations.TestMult"/>
  <testcase name="testMultPassLong" time="0.0" classname="com.epam.calculator.testCalculator.baseOperations.TestMult"/>
  <testcase name="testSubPassLong" time="0.0" classname="com.epam.calculator.testCalculator.baseOperations.TestSub"/>
  <testcase name="testSubPassLong" time="0.0" classname="com.epam.calculator.testCalculator.baseOperations.TestSub"/>
  <testcase name="testSubPassLong" time="0.001" classname="com.epam.calculator.testCalculator.baseOperations.TestSub"/>
  <testcase name="testSubPassLong" time="0.0" classname="com.epam.calculator.testCalculator.baseOperations.TestSub"/>
</testsuite> <!-- TestNG Smoke Group -->
